app/build/intermediates/manifest_merge_blame_file/debug/manifest-merger-blame-debug-report.txt
1<?xml version="1.0" encoding="utf-8"?>
2<manifest xmlns:android="http://schemas.android.com/apk/res/android"
3    package="no.usn.rygleo.prisjegermobv1"
4    android:versionCode="1"
5    android:versionName="1.0" >
6
7    <uses-sdk
8        android:minSdkVersion="21"
8-->src\main\AndroidManifest.xml
9        android:targetSdkVersion="32" />
9-->src\main\AndroidManifest.xml
10
11    <uses-permission android:name="android.permission.INTERNET" />
11-->src\main\AndroidManifest.xml:6:5-67
11-->src\main\AndroidManifest.xml:6:22-64
12    <uses-permission android:name="android.permission.ACCESS_NETWORK_STATE" />
12-->src\main\AndroidManifest.xml:7:5-79
12-->src\main\AndroidManifest.xml:7:22-76
13
14    <application
14-->src\main\AndroidManifest.xml:9:5-30:19
15        android:allowBackup="true"
15-->src\main\AndroidManifest.xml:10:9-35
16        android:appComponentFactory="androidx.core.app.CoreComponentFactory"
16-->[androidx.core:core:1.8.0] AndroidManifest.xml:24:18-86
17        android:dataExtractionRules="@xml/data_extraction_rules"
17-->src\main\AndroidManifest.xml:11:9-65
18        android:debuggable="true"
19        android:fullBackupContent="@xml/backup_rules"
19-->src\main\AndroidManifest.xml:12:9-54
20        android:icon="@mipmap/ic_launcher"
20-->src\main\AndroidManifest.xml:13:9-43
21        android:label="@string/app_name"
21-->src\main\AndroidManifest.xml:14:9-41
22        android:roundIcon="@mipmap/ic_launcher_round"
22-->src\main\AndroidManifest.xml:15:9-54
23        android:supportsRtl="true"
23-->src\main\AndroidManifest.xml:16:9-35
24        android:testOnly="true"
25        android:theme="@style/Theme.PrisjegerMobV1" >
25-->src\main\AndroidManifest.xml:17:9-52
26        <activity
26-->src\main\AndroidManifest.xml:19:9-29:20
27            android:name="no.usn.rygleo.prisjegermobv1.MainActivity"
27-->src\main\AndroidManifest.xml:20:13-41
28            android:exported="true"
28-->src\main\AndroidManifest.xml:21:13-36
29            android:label="@string/app_name"
29-->src\main\AndroidManifest.xml:22:13-45
30            android:theme="@style/Theme.PrisjegerMobV1" >
30-->src\main\AndroidManifest.xml:23:13-56
31            <intent-filter>
31-->src\main\AndroidManifest.xml:24:13-28:29
32                <action android:name="android.intent.action.MAIN" />
32-->src\main\AndroidManifest.xml:25:17-69
32-->src\main\AndroidManifest.xml:25:25-66
33
34                <category android:name="android.intent.category.LAUNCHER" />
34-->src\main\AndroidManifest.xml:27:17-77
34-->src\main\AndroidManifest.xml:27:27-74
35            </intent-filter>
36        </activity>
37        <activity
37-->[com.chillibits:simplesettings:1.3.4] AndroidManifest.xml:11:9-14:52
38            android:name="com.chillibits.simplesettings.ui.SimpleSettingsActivity"
38-->[com.chillibits:simplesettings:1.3.4] AndroidManifest.xml:12:13-83
39            android:configChanges="orientation|keyboardHidden|screenSize"
39-->[com.chillibits:simplesettings:1.3.4] AndroidManifest.xml:13:13-74
40            android:theme="@style/settingsStyle" />
40-->[com.chillibits:simplesettings:1.3.4] AndroidManifest.xml:14:13-49
41        <activity
41-->[com.chillibits:simplesettings:1.3.4] AndroidManifest.xml:15:9-17:84
42            android:name="com.mikepenz.aboutlibraries.ui.LibsActivity"
42-->[com.chillibits:simplesettings:1.3.4] AndroidManifest.xml:16:13-71
43            android:theme="@style/Theme.MaterialComponents.DayNight.NoActionBar" />
43-->[com.chillibits:simplesettings:1.3.4] AndroidManifest.xml:17:13-81
44        <activity
44-->[androidx.compose.ui:ui-tooling:1.1.1] AndroidManifest.xml:25:9-27:39
45            android:name="androidx.compose.ui.tooling.PreviewActivity"
45-->[androidx.compose.ui:ui-tooling:1.1.1] AndroidManifest.xml:26:13-71
46            android:exported="true" />
46-->[androidx.compose.ui:ui-tooling:1.1.1] AndroidManifest.xml:27:13-36
47        <activity
47-->[androidx.compose.ui:ui-test-manifest:1.1.1] AndroidManifest.xml:25:9-27:39
48            android:name="androidx.activity.ComponentActivity"
48-->[androidx.compose.ui:ui-test-manifest:1.1.1] AndroidManifest.xml:26:13-63
49            android:exported="true" />
49-->[androidx.compose.ui:ui-test-manifest:1.1.1] AndroidManifest.xml:27:13-36
50
51        <uses-library
51-->[androidx.window:window:1.0.0] AndroidManifest.xml:25:9-27:40
52            android:name="androidx.window.extensions"
52-->[androidx.window:window:1.0.0] AndroidManifest.xml:26:13-54
53            android:required="false" />
53-->[androidx.window:window:1.0.0] AndroidManifest.xml:27:13-37
54        <uses-library
54-->[androidx.window:window:1.0.0] AndroidManifest.xml:28:9-30:40
55            android:name="androidx.window.sidecar"
55-->[androidx.window:window:1.0.0] AndroidManifest.xml:29:13-51
56            android:required="false" />
56-->[androidx.window:window:1.0.0] AndroidManifest.xml:30:13-37
57
58        <service
58-->[androidx.room:room-runtime:2.4.3] AndroidManifest.xml:25:9-28:40
59            android:name="androidx.room.MultiInstanceInvalidationService"
59-->[androidx.room:room-runtime:2.4.3] AndroidManifest.xml:26:13-74
60            android:directBootAware="true"
60-->[androidx.room:room-runtime:2.4.3] AndroidManifest.xml:27:13-43
61            android:exported="false" />
61-->[androidx.room:room-runtime:2.4.3] AndroidManifest.xml:28:13-37
62
63        <provider
63-->[androidx.emoji2:emoji2:1.2.0] AndroidManifest.xml:24:9-32:20
64            android:name="androidx.startup.InitializationProvider"
64-->[androidx.emoji2:emoji2:1.2.0] AndroidManifest.xml:25:13-67
65            android:authorities="no.usn.rygleo.prisjegermobv1.androidx-startup"
65-->[androidx.emoji2:emoji2:1.2.0] AndroidManifest.xml:26:13-68
66            android:exported="false" >
66-->[androidx.emoji2:emoji2:1.2.0] AndroidManifest.xml:27:13-37
67            <meta-data
67-->[androidx.emoji2:emoji2:1.2.0] AndroidManifest.xml:29:13-31:52
68                android:name="androidx.emoji2.text.EmojiCompatInitializer"
68-->[androidx.emoji2:emoji2:1.2.0] AndroidManifest.xml:30:17-75
69                android:value="androidx.startup" />
69-->[androidx.emoji2:emoji2:1.2.0] AndroidManifest.xml:31:17-49
70            <meta-data
70-->[androidx.profileinstaller:profileinstaller:1.1.0] AndroidManifest.xml:31:13-33:52
71                android:name="androidx.profileinstaller.ProfileInstallerInitializer"
71-->[androidx.profileinstaller:profileinstaller:1.1.0] AndroidManifest.xml:32:17-85
72                android:value="androidx.startup" />
72-->[androidx.profileinstaller:profileinstaller:1.1.0] AndroidManifest.xml:33:17-49
73            <meta-data
73-->[androidx.lifecycle:lifecycle-process:2.4.1] AndroidManifest.xml:31:13-33:52
74                android:name="androidx.lifecycle.ProcessLifecycleInitializer"
74-->[androidx.lifecycle:lifecycle-process:2.4.1] AndroidManifest.xml:32:17-78
75                android:value="androidx.startup" />
75-->[androidx.lifecycle:lifecycle-process:2.4.1] AndroidManifest.xml:33:17-49
76        </provider>
77
78        <receiver
78-->[androidx.profileinstaller:profileinstaller:1.1.0] AndroidManifest.xml:36:9-45:20
79            android:name="androidx.profileinstaller.ProfileInstallReceiver"
79-->[androidx.profileinstaller:profileinstaller:1.1.0] AndroidManifest.xml:37:13-76
80            android:directBootAware="false"
80-->[androidx.profileinstaller:profileinstaller:1.1.0] AndroidManifest.xml:38:13-44
81            android:enabled="true"
81-->[androidx.profileinstaller:profileinstaller:1.1.0] AndroidManifest.xml:39:13-35
82            android:exported="true"
82-->[androidx.profileinstaller:profileinstaller:1.1.0] AndroidManifest.xml:40:13-36
83            android:permission="android.permission.DUMP" >
83-->[androidx.profileinstaller:profileinstaller:1.1.0] AndroidManifest.xml:41:13-57
84            <intent-filter>
84-->[androidx.profileinstaller:profileinstaller:1.1.0] AndroidManifest.xml:42:13-44:29
85                <action android:name="androidx.profileinstaller.action.INSTALL_PROFILE" />
85-->[androidx.profileinstaller:profileinstaller:1.1.0] AndroidManifest.xml:43:17-91
85-->[androidx.profileinstaller:profileinstaller:1.1.0] AndroidManifest.xml:43:25-88
86            </intent-filter>
87        </receiver>
88    </application>
89
90</manifest>